=== NODE & PATHS ===
Host        : gl1016.arc-ts.umich.edu
Repo root   : /home/elcrespo/Desktop/githubprojects/cellpose_on_umich_hpc
Python file : /home/elcrespo/Desktop/githubprojects/cellpose_on_umich_hpc/scripts/cp_compare.py
Image dir   : /nfs/turbo/umms-parent/cellpose_gpu_test/images/WT
Output dir  : /nfs/turbo/umms-parent/cellpose_gpu_test/results/WT/cellpose4
Env         : cellpose4
======================================
=== RUNTIME INFO ===
Host          : gl1016.arc-ts.umich.edu
Python        : 3.10.19
Torch info    : {'torch': '2.9.0+cu126', 'cuda_available': True, 'torch_cuda_version': '12.6', 'device_0': 'Tesla V100-PCIE-16GB'}
Images        : /nfs/turbo/umms-parent/cellpose_gpu_test/images/WT  (filter: *.tif)
Output        : /nfs/turbo/umms-parent/cellpose_gpu_test/results/WT/cellpose4
Diameter      : 1200.0
FlowThreshold : 0.7
MinSize(px)   : 100000
Channel       : 0
Model         : cyto3
====================
[CMD] cellpose --dir /nfs/turbo/umms-parent/cellpose_gpu_test/images/WT --img_filter *.tif --pretrained_model cyto3 --diameter 1200.0 --flow_threshold 0.7 --min_size 100000 --chan 0 --save_tif --save_png --no_npy --use_gpu --verbose --out_dir /nfs/turbo/umms-parent/cellpose_gpu_test/results/WT/cellpose4
usage: cellpose [-h] [--version] [--verbose] [--Zstack] [--use_gpu]
                [--gpu_device GPU_DEVICE] [--dir DIR]
                [--image_path IMAGE_PATH] [--look_one_level_down]
                [--img_filter IMG_FILTER] [--channel_axis CHANNEL_AXIS]
                [--z_axis Z_AXIS] [--chan CHAN] [--chan2 CHAN2] [--invert]
                [--all_channels] [--pretrained_model PRETRAINED_MODEL]
                [--add_model ADD_MODEL]
                [--pretrained_model_ortho PRETRAINED_MODEL_ORTHO]
                [--restore_type RESTORE_TYPE] [--chan2_restore]
                [--transformer] [--no_norm] [--norm_percentile VALUE1 VALUE2]
                [--do_3D] [--diameter DIAMETER]
                [--stitch_threshold STITCH_THRESHOLD] [--min_size MIN_SIZE]
                [--flow3D_smooth FLOW3D_SMOOTH]
                [--flow_threshold FLOW_THRESHOLD]
                [--cellprob_threshold CELLPROB_THRESHOLD] [--niter NITER]
                [--anisotropy ANISOTROPY] [--exclude_on_edges] [--augment]
                [--batch_size BATCH_SIZE] [--no_resample] [--no_interp]
                [--save_png] [--save_tif] [--output_name OUTPUT_NAME]
                [--no_npy] [--savedir SAVEDIR] [--dir_above] [--in_folders]
                [--save_flows] [--save_outlines] [--save_rois] [--save_txt]
                [--save_mpl] [--train] [--test_dir TEST_DIR]
                [--file_list FILE_LIST] [--mask_filter MASK_FILTER]
                [--learning_rate LEARNING_RATE] [--weight_decay WEIGHT_DECAY]
                [--n_epochs N_EPOCHS] [--train_batch_size TRAIN_BATCH_SIZE]
                [--bsize BSIZE] [--nimg_per_epoch NIMG_PER_EPOCH]
                [--nimg_test_per_epoch NIMG_TEST_PER_EPOCH]
                [--min_train_masks MIN_TRAIN_MASKS] [--SGD SGD]
                [--save_every SAVE_EVERY] [--save_each]
                [--model_name_out MODEL_NAME_OUT] [--diam_mean DIAM_MEAN]
                [--train_size]
cellpose: error: unrecognized arguments: --out_dir /nfs/turbo/umms-parent/cellpose_gpu_test/results/WT/cellpose4
